<?xml version="1.0" encoding="UTF-8"?>
<!-- Generated by org.testng.reporters.JUnitReportReporter -->
<testsuite skipped="0" hostname="DONTV4-OS36" name="test.TestLogin" tests="1" failures="0" timestamp="30 May 2017 08:05:09 GMT" time="7.371" errors="0">
  <testcase name="f" time="7.371" classname="test.TestLogin"/>
</testsuite> <!-- test.TestLogin -->
