<?xml version="1.0" encoding="UTF-8"?>
<!-- Generated by org.testng.reporters.JUnitReportReporter -->
<testsuite skipped="0" hostname="DONTV4-OS36" name="basicTest.basicTest" tests="1" failures="0" timestamp="06 Jun 2017 02:25:27 GMT" time="0.532" errors="0">
  <testcase name="verifysum" time="0.532" classname="basicTest.basicTest"/>
</testsuite> <!-- basicTest.basicTest -->
